<html>
<head>
<title>TestNG:  PWAAndroidChromeStabilityScript</title>
<link href="../testng.css" rel="stylesheet" type="text/css" />
<link href="../my-testng.css" rel="stylesheet" type="text/css" />

<style type="text/css">
.log { display: none;} 
.stack-trace { display: none;} 
</style>
<script type="text/javascript">
<!--
function flip(e) {
  current = e.style.display;
  if (current == 'block') {
    e.style.display = 'none';
    return 0;
  }
  else {
    e.style.display = 'block';
    return 1;
  }
}

function toggleBox(szDivId, elem, msg1, msg2)
{
  var res = -1;  if (document.getElementById) {
    res = flip(document.getElementById(szDivId));
  }
  else if (document.all) {
    // this is the way old msie versions work
    res = flip(document.all[szDivId]);
  }
  if(elem) {
    if(res == 0) elem.innerHTML = msg1; else elem.innerHTML = msg2;
  }

}

function toggleAllBoxes() {
  if (document.getElementsByTagName) {
    d = document.getElementsByTagName('div');
    for (i = 0; i < d.length; i++) {
      if (d[i].className == 'log') {
        flip(d[i]);
      }
    }
  }
}

// -->
</script>

</head>
<body>
<h2 align='center'>PWAAndroidChromeStabilityScript</h2><table border='1' align="center">
<tr>
<td>Tests passed/Failed/Skipped:</td><td>0/3/3</td>
</tr><tr>
<td>Started on:</td><td>Mon Mar 28 12:39:55 IST 2022</td>
</tr>
<tr><td>Total time:</td><td>601 seconds (601998 ms)</td>
</tr><tr>
<td>Included groups:</td><td></td>
</tr><tr>
<td>Excluded groups:</td><td></td>
</tr>
</table><p/>
<small><i>(Hover the method name to see the test class name)</i></small><p/>
<table width='100%' border='1' class='invocation-skipped'>
<tr><td colspan='4' align='center'><b>SKIPPED CONFIGURATIONS</b></td></tr>
<tr><td><b>Test method</b></td>
<td width="30%"><b>Exception</b></td>
<td width="10%"><b>Time (seconds)</b></td>
<td><b>Instance</b></td>
</tr>
<tr>
<td title='com.zee5.pwaSanityScripts.androidChromePWAStabilityScript.beforemethodcode()'><b>beforemethodcode</b><br>Test class: com.zee5.pwaSanityScripts.androidChromePWAStabilityScript</td>
<td><div><pre>org.testng.SkipException: Device not connected OR Appium Studio service is down...
	at com.driverInstance.DriverInstance.&lt;init&gt;(DriverInstance.java:83)
	at com.driverInstance.CommandBase.&lt;init&gt;(CommandBase.java:49)
	at com.business.zee.zee5PWASanityAndroidBusinessLogic.&lt;init&gt;(zee5PWASanityAndroidBusinessLogic.java:19)
	at com.zee5.pwaSanityScripts.androidChromePWAStabilityScript.beforemethodcode(androidChromePWAStabilityScript.java:24)
	at java.base/java.util.concurrent.ThreadPoolExecutor.runWorker(ThreadPoolExecutor.java:1130)
	at java.base/java.util.concurrent.ThreadPoolExecutor$Worker.run(ThreadPoolExecutor.java:630)
	at java.base/java.lang.Thread.run(Thread.java:831)
... Removed 16 stack frames</pre></div><a href='#' onClick='toggleBox("stack-trace952817454", this, "Click to show all stack frames", "Click to hide stack frames")'>Click to show all stack frames</a>
<div class='stack-trace' id='stack-trace952817454'><pre>org.testng.SkipException: Device not connected OR Appium Studio service is down...
	at com.driverInstance.DriverInstance.&lt;init&gt;(DriverInstance.java:83)
	at com.driverInstance.CommandBase.&lt;init&gt;(CommandBase.java:49)
	at com.business.zee.zee5PWASanityAndroidBusinessLogic.&lt;init&gt;(zee5PWASanityAndroidBusinessLogic.java:19)
	at com.zee5.pwaSanityScripts.androidChromePWAStabilityScript.beforemethodcode(androidChromePWAStabilityScript.java:24)
	at java.base/jdk.internal.reflect.NativeMethodAccessorImpl.invoke0(Native Method)
	at java.base/jdk.internal.reflect.NativeMethodAccessorImpl.invoke(NativeMethodAccessorImpl.java:78)
	at java.base/jdk.internal.reflect.DelegatingMethodAccessorImpl.invoke(DelegatingMethodAccessorImpl.java:43)
	at java.base/java.lang.reflect.Method.invoke(Method.java:567)
	at org.testng.internal.MethodInvocationHelper.invokeMethod(MethodInvocationHelper.java:134)
	at org.testng.internal.MethodInvocationHelper.invokeMethodConsideringTimeout(MethodInvocationHelper.java:63)
	at org.testng.internal.ConfigInvoker.invokeConfigurationMethod(ConfigInvoker.java:348)
	at org.testng.internal.ConfigInvoker.invokeConfigurations(ConfigInvoker.java:302)
	at org.testng.internal.TestInvoker.runConfigMethods(TestInvoker.java:695)
	at org.testng.internal.TestInvoker.invokeMethod(TestInvoker.java:523)
	at org.testng.internal.TestInvoker.invokeTestMethod(TestInvoker.java:173)
	at org.testng.internal.MethodRunner.runInSequence(MethodRunner.java:46)
	at org.testng.internal.TestInvoker$MethodInvocationAgent.invoke(TestInvoker.java:816)
	at org.testng.internal.TestInvoker.invokeTestMethods(TestInvoker.java:146)
	at org.testng.internal.TestMethodWorker.invokeTestMethods(TestMethodWorker.java:146)
	at org.testng.internal.TestMethodWorker.run(TestMethodWorker.java:128)
	at java.base/java.util.concurrent.ThreadPoolExecutor.runWorker(ThreadPoolExecutor.java:1130)
	at java.base/java.util.concurrent.ThreadPoolExecutor$Worker.run(ThreadPoolExecutor.java:630)
	at java.base/java.lang.Thread.run(Thread.java:831)
</pre></div></td>
<td>601</td>
<td>com.zee5.pwaSanityScripts.androidChromePWAStabilityScript@5ea7bc4</td></tr>
<tr>
<td title='com.zee5.pwaSanityScripts.androidChromePWAStabilityScript.beforemethodcode()'><b>beforemethodcode</b><br>Test class: com.zee5.pwaSanityScripts.androidChromePWAStabilityScript</td>
<td><div><pre>org.testng.SkipException: Device not connected OR Appium Studio service is down...
	at com.driverInstance.DriverInstance.&lt;init&gt;(DriverInstance.java:83)
	at com.driverInstance.CommandBase.&lt;init&gt;(CommandBase.java:49)
	at com.business.zee.zee5PWASanityAndroidBusinessLogic.&lt;init&gt;(zee5PWASanityAndroidBusinessLogic.java:19)
	at com.zee5.pwaSanityScripts.androidChromePWAStabilityScript.beforemethodcode(androidChromePWAStabilityScript.java:24)
	at java.base/java.util.concurrent.ThreadPoolExecutor.runWorker(ThreadPoolExecutor.java:1130)
	at java.base/java.util.concurrent.ThreadPoolExecutor$Worker.run(ThreadPoolExecutor.java:630)
	at java.base/java.lang.Thread.run(Thread.java:831)
... Removed 16 stack frames</pre></div><a href='#' onClick='toggleBox("stack-trace1980129273", this, "Click to show all stack frames", "Click to hide stack frames")'>Click to show all stack frames</a>
<div class='stack-trace' id='stack-trace1980129273'><pre>org.testng.SkipException: Device not connected OR Appium Studio service is down...
	at com.driverInstance.DriverInstance.&lt;init&gt;(DriverInstance.java:83)
	at com.driverInstance.CommandBase.&lt;init&gt;(CommandBase.java:49)
	at com.business.zee.zee5PWASanityAndroidBusinessLogic.&lt;init&gt;(zee5PWASanityAndroidBusinessLogic.java:19)
	at com.zee5.pwaSanityScripts.androidChromePWAStabilityScript.beforemethodcode(androidChromePWAStabilityScript.java:24)
	at java.base/jdk.internal.reflect.NativeMethodAccessorImpl.invoke0(Native Method)
	at java.base/jdk.internal.reflect.NativeMethodAccessorImpl.invoke(NativeMethodAccessorImpl.java:78)
	at java.base/jdk.internal.reflect.DelegatingMethodAccessorImpl.invoke(DelegatingMethodAccessorImpl.java:43)
	at java.base/java.lang.reflect.Method.invoke(Method.java:567)
	at org.testng.internal.MethodInvocationHelper.invokeMethod(MethodInvocationHelper.java:134)
	at org.testng.internal.MethodInvocationHelper.invokeMethodConsideringTimeout(MethodInvocationHelper.java:63)
	at org.testng.internal.ConfigInvoker.invokeConfigurationMethod(ConfigInvoker.java:348)
	at org.testng.internal.ConfigInvoker.invokeConfigurations(ConfigInvoker.java:302)
	at org.testng.internal.TestInvoker.runConfigMethods(TestInvoker.java:695)
	at org.testng.internal.TestInvoker.invokeMethod(TestInvoker.java:523)
	at org.testng.internal.TestInvoker.invokeTestMethod(TestInvoker.java:173)
	at org.testng.internal.MethodRunner.runInSequence(MethodRunner.java:46)
	at org.testng.internal.TestInvoker$MethodInvocationAgent.invoke(TestInvoker.java:816)
	at org.testng.internal.TestInvoker.invokeTestMethods(TestInvoker.java:146)
	at org.testng.internal.TestMethodWorker.invokeTestMethods(TestMethodWorker.java:146)
	at org.testng.internal.TestMethodWorker.run(TestMethodWorker.java:128)
	at java.base/java.util.concurrent.ThreadPoolExecutor.runWorker(ThreadPoolExecutor.java:1130)
	at java.base/java.util.concurrent.ThreadPoolExecutor$Worker.run(ThreadPoolExecutor.java:630)
	at java.base/java.lang.Thread.run(Thread.java:831)
</pre></div></td>
<td>601</td>
<td>com.zee5.pwaSanityScripts.androidChromePWAStabilityScript@5ea7bc4</td></tr>
<tr>
<td title='com.zee5.pwaSanityScripts.androidChromePWAStabilityScript.beforemethodcode()'><b>beforemethodcode</b><br>Test class: com.zee5.pwaSanityScripts.androidChromePWAStabilityScript</td>
<td></td>
<td>-1648451997</td>
<td>com.zee5.pwaSanityScripts.androidChromePWAStabilityScript@5ea7bc4</td></tr>
</table><p>
<table width='100%' border='1' class='invocation-failed'>
<tr><td colspan='4' align='center'><b>FAILED TESTS</b></td></tr>
<tr><td><b>Test method</b></td>
<td width="30%"><b>Exception</b></td>
<td width="10%"><b>Time (seconds)</b></td>
<td><b>Instance</b></td>
</tr>
<tr>
<td title='com.zee5.pwaSanityScripts.androidChromePWAStabilityScript.guestUser()'><b>guestUser</b><br>Test class: com.zee5.pwaSanityScripts.androidChromePWAStabilityScript</td>
<td><div><pre>java.lang.IllegalArgumentException: nodeName cannot be null or empty
	at com.aventstack.extentreports.ExtentTest.createNode(ExtentTest.java:166)
	at com.aventstack.extentreports.ExtentTest.createNode(ExtentTest.java:274)
	at com.utility.ExtentReporter.HeaderChildNode(ExtentReporter.java:243)
	at com.utility.ExtentReporter.onTestSkipped(ExtentReporter.java:235)
	at java.base/java.util.concurrent.ThreadPoolExecutor.runWorker(ThreadPoolExecutor.java:1130)
	at java.base/java.util.concurrent.ThreadPoolExecutor$Worker.run(ThreadPoolExecutor.java:630)
	at java.base/java.lang.Thread.run(Thread.java:831)
... Removed 10 stack frames</pre></div><a href='#' onClick='toggleBox("stack-trace1008618323", this, "Click to show all stack frames", "Click to hide stack frames")'>Click to show all stack frames</a>
<div class='stack-trace' id='stack-trace1008618323'><pre>java.lang.IllegalArgumentException: nodeName cannot be null or empty
	at com.aventstack.extentreports.ExtentTest.createNode(ExtentTest.java:166)
	at com.aventstack.extentreports.ExtentTest.createNode(ExtentTest.java:274)
	at com.utility.ExtentReporter.HeaderChildNode(ExtentReporter.java:243)
	at com.utility.ExtentReporter.onTestSkipped(ExtentReporter.java:235)
	at org.testng.internal.TestListenerHelper.runTestListeners(TestListenerHelper.java:57)
	at org.testng.internal.TestInvoker.runTestResultListener(TestInvoker.java:219)
	at org.testng.internal.TestInvoker.invokeListenersForSkippedTestResult(TestInvoker.java:446)
	at org.testng.internal.TestInvoker.invokeMethod(TestInvoker.java:542)
	at org.testng.internal.TestInvoker.invokeTestMethod(TestInvoker.java:173)
	at org.testng.internal.MethodRunner.runInSequence(MethodRunner.java:46)
	at org.testng.internal.TestInvoker$MethodInvocationAgent.invoke(TestInvoker.java:816)
	at org.testng.internal.TestInvoker.invokeTestMethods(TestInvoker.java:146)
	at org.testng.internal.TestMethodWorker.invokeTestMethods(TestMethodWorker.java:146)
	at org.testng.internal.TestMethodWorker.run(TestMethodWorker.java:128)
	at java.base/java.util.concurrent.ThreadPoolExecutor.runWorker(ThreadPoolExecutor.java:1130)
	at java.base/java.util.concurrent.ThreadPoolExecutor$Worker.run(ThreadPoolExecutor.java:630)
	at java.base/java.lang.Thread.run(Thread.java:831)
</pre></div></td>
<td>601</td>
<td>com.zee5.pwaSanityScripts.androidChromePWAStabilityScript@5ea7bc4</td></tr>
<tr>
<td title='com.zee5.pwaSanityScripts.androidChromePWAStabilityScript.nonSubUser()'><b>nonSubUser</b><br>Test class: com.zee5.pwaSanityScripts.androidChromePWAStabilityScript</td>
<td><div><pre>java.lang.IllegalArgumentException: nodeName cannot be null or empty
	at com.aventstack.extentreports.ExtentTest.createNode(ExtentTest.java:166)
	at com.aventstack.extentreports.ExtentTest.createNode(ExtentTest.java:274)
	at com.utility.ExtentReporter.HeaderChildNode(ExtentReporter.java:243)
	at com.utility.ExtentReporter.onTestSkipped(ExtentReporter.java:235)
	at java.base/java.util.concurrent.ThreadPoolExecutor.runWorker(ThreadPoolExecutor.java:1130)
	at java.base/java.util.concurrent.ThreadPoolExecutor$Worker.run(ThreadPoolExecutor.java:630)
	at java.base/java.lang.Thread.run(Thread.java:831)
... Removed 10 stack frames</pre></div><a href='#' onClick='toggleBox("stack-trace1147351915", this, "Click to show all stack frames", "Click to hide stack frames")'>Click to show all stack frames</a>
<div class='stack-trace' id='stack-trace1147351915'><pre>java.lang.IllegalArgumentException: nodeName cannot be null or empty
	at com.aventstack.extentreports.ExtentTest.createNode(ExtentTest.java:166)
	at com.aventstack.extentreports.ExtentTest.createNode(ExtentTest.java:274)
	at com.utility.ExtentReporter.HeaderChildNode(ExtentReporter.java:243)
	at com.utility.ExtentReporter.onTestSkipped(ExtentReporter.java:235)
	at org.testng.internal.TestListenerHelper.runTestListeners(TestListenerHelper.java:57)
	at org.testng.internal.TestInvoker.runTestResultListener(TestInvoker.java:219)
	at org.testng.internal.TestInvoker.invokeListenersForSkippedTestResult(TestInvoker.java:446)
	at org.testng.internal.TestInvoker.invokeMethod(TestInvoker.java:542)
	at org.testng.internal.TestInvoker.invokeTestMethod(TestInvoker.java:173)
	at org.testng.internal.MethodRunner.runInSequence(MethodRunner.java:46)
	at org.testng.internal.TestInvoker$MethodInvocationAgent.invoke(TestInvoker.java:816)
	at org.testng.internal.TestInvoker.invokeTestMethods(TestInvoker.java:146)
	at org.testng.internal.TestMethodWorker.invokeTestMethods(TestMethodWorker.java:146)
	at org.testng.internal.TestMethodWorker.run(TestMethodWorker.java:128)
	at java.base/java.util.concurrent.ThreadPoolExecutor.runWorker(ThreadPoolExecutor.java:1130)
	at java.base/java.util.concurrent.ThreadPoolExecutor$Worker.run(ThreadPoolExecutor.java:630)
	at java.base/java.lang.Thread.run(Thread.java:831)
</pre></div></td>
<td>601</td>
<td>com.zee5.pwaSanityScripts.androidChromePWAStabilityScript@5ea7bc4</td></tr>
<tr>
<td title='com.zee5.pwaSanityScripts.androidChromePWAStabilityScript.subUser()'><b>subUser</b><br>Test class: com.zee5.pwaSanityScripts.androidChromePWAStabilityScript</td>
<td><div><pre>java.lang.IllegalArgumentException: nodeName cannot be null or empty
	at com.aventstack.extentreports.ExtentTest.createNode(ExtentTest.java:166)
	at com.aventstack.extentreports.ExtentTest.createNode(ExtentTest.java:274)
	at com.utility.ExtentReporter.HeaderChildNode(ExtentReporter.java:243)
	at com.utility.ExtentReporter.onTestSkipped(ExtentReporter.java:235)
	at java.base/java.util.concurrent.ThreadPoolExecutor.runWorker(ThreadPoolExecutor.java:1130)
	at java.base/java.util.concurrent.ThreadPoolExecutor$Worker.run(ThreadPoolExecutor.java:630)
	at java.base/java.lang.Thread.run(Thread.java:831)
... Removed 10 stack frames</pre></div><a href='#' onClick='toggleBox("stack-trace1966238954", this, "Click to show all stack frames", "Click to hide stack frames")'>Click to show all stack frames</a>
<div class='stack-trace' id='stack-trace1966238954'><pre>java.lang.IllegalArgumentException: nodeName cannot be null or empty
	at com.aventstack.extentreports.ExtentTest.createNode(ExtentTest.java:166)
	at com.aventstack.extentreports.ExtentTest.createNode(ExtentTest.java:274)
	at com.utility.ExtentReporter.HeaderChildNode(ExtentReporter.java:243)
	at com.utility.ExtentReporter.onTestSkipped(ExtentReporter.java:235)
	at org.testng.internal.TestListenerHelper.runTestListeners(TestListenerHelper.java:57)
	at org.testng.internal.TestInvoker.runTestResultListener(TestInvoker.java:219)
	at org.testng.internal.TestInvoker.invokeListenersForSkippedTestResult(TestInvoker.java:446)
	at org.testng.internal.TestInvoker.invokeMethod(TestInvoker.java:542)
	at org.testng.internal.TestInvoker.invokeTestMethod(TestInvoker.java:173)
	at org.testng.internal.MethodRunner.runInSequence(MethodRunner.java:46)
	at org.testng.internal.TestInvoker$MethodInvocationAgent.invoke(TestInvoker.java:816)
	at org.testng.internal.TestInvoker.invokeTestMethods(TestInvoker.java:146)
	at org.testng.internal.TestMethodWorker.invokeTestMethods(TestMethodWorker.java:146)
	at org.testng.internal.TestMethodWorker.run(TestMethodWorker.java:128)
	at java.base/java.util.concurrent.ThreadPoolExecutor.runWorker(ThreadPoolExecutor.java:1130)
	at java.base/java.util.concurrent.ThreadPoolExecutor$Worker.run(ThreadPoolExecutor.java:630)
	at java.base/java.lang.Thread.run(Thread.java:831)
</pre></div></td>
<td>0</td>
<td>com.zee5.pwaSanityScripts.androidChromePWAStabilityScript@5ea7bc4</td></tr>
</table><p>
<table width='100%' border='1' class='invocation-skipped'>
<tr><td colspan='4' align='center'><b>SKIPPED TESTS</b></td></tr>
<tr><td><b>Test method</b></td>
<td width="30%"><b>Exception</b></td>
<td width="10%"><b>Time (seconds)</b></td>
<td><b>Instance</b></td>
</tr>
<tr>
<td title='com.zee5.pwaSanityScripts.androidChromePWAStabilityScript.guestUser()'><b>guestUser</b><br>Test class: com.zee5.pwaSanityScripts.androidChromePWAStabilityScript</td>
<td><div><pre>org.testng.SkipException: Device not connected OR Appium Studio service is down...
	at com.driverInstance.DriverInstance.&lt;init&gt;(DriverInstance.java:83)
	at com.driverInstance.CommandBase.&lt;init&gt;(CommandBase.java:49)
	at com.business.zee.zee5PWASanityAndroidBusinessLogic.&lt;init&gt;(zee5PWASanityAndroidBusinessLogic.java:19)
	at com.zee5.pwaSanityScripts.androidChromePWAStabilityScript.beforemethodcode(androidChromePWAStabilityScript.java:24)
	at java.base/java.util.concurrent.ThreadPoolExecutor.runWorker(ThreadPoolExecutor.java:1130)
	at java.base/java.util.concurrent.ThreadPoolExecutor$Worker.run(ThreadPoolExecutor.java:630)
	at java.base/java.lang.Thread.run(Thread.java:831)
... Removed 16 stack frames</pre></div><a href='#' onClick='toggleBox("stack-trace1769890784", this, "Click to show all stack frames", "Click to hide stack frames")'>Click to show all stack frames</a>
<div class='stack-trace' id='stack-trace1769890784'><pre>org.testng.SkipException: Device not connected OR Appium Studio service is down...
	at com.driverInstance.DriverInstance.&lt;init&gt;(DriverInstance.java:83)
	at com.driverInstance.CommandBase.&lt;init&gt;(CommandBase.java:49)
	at com.business.zee.zee5PWASanityAndroidBusinessLogic.&lt;init&gt;(zee5PWASanityAndroidBusinessLogic.java:19)
	at com.zee5.pwaSanityScripts.androidChromePWAStabilityScript.beforemethodcode(androidChromePWAStabilityScript.java:24)
	at java.base/jdk.internal.reflect.NativeMethodAccessorImpl.invoke0(Native Method)
	at java.base/jdk.internal.reflect.NativeMethodAccessorImpl.invoke(NativeMethodAccessorImpl.java:78)
	at java.base/jdk.internal.reflect.DelegatingMethodAccessorImpl.invoke(DelegatingMethodAccessorImpl.java:43)
	at java.base/java.lang.reflect.Method.invoke(Method.java:567)
	at org.testng.internal.MethodInvocationHelper.invokeMethod(MethodInvocationHelper.java:134)
	at org.testng.internal.MethodInvocationHelper.invokeMethodConsideringTimeout(MethodInvocationHelper.java:63)
	at org.testng.internal.ConfigInvoker.invokeConfigurationMethod(ConfigInvoker.java:348)
	at org.testng.internal.ConfigInvoker.invokeConfigurations(ConfigInvoker.java:302)
	at org.testng.internal.TestInvoker.runConfigMethods(TestInvoker.java:695)
	at org.testng.internal.TestInvoker.invokeMethod(TestInvoker.java:523)
	at org.testng.internal.TestInvoker.invokeTestMethod(TestInvoker.java:173)
	at org.testng.internal.MethodRunner.runInSequence(MethodRunner.java:46)
	at org.testng.internal.TestInvoker$MethodInvocationAgent.invoke(TestInvoker.java:816)
	at org.testng.internal.TestInvoker.invokeTestMethods(TestInvoker.java:146)
	at org.testng.internal.TestMethodWorker.invokeTestMethods(TestMethodWorker.java:146)
	at org.testng.internal.TestMethodWorker.run(TestMethodWorker.java:128)
	at java.base/java.util.concurrent.ThreadPoolExecutor.runWorker(ThreadPoolExecutor.java:1130)
	at java.base/java.util.concurrent.ThreadPoolExecutor$Worker.run(ThreadPoolExecutor.java:630)
	at java.base/java.lang.Thread.run(Thread.java:831)
</pre></div></td>
<td>0</td>
<td>com.zee5.pwaSanityScripts.androidChromePWAStabilityScript@5ea7bc4</td></tr>
<tr>
<td title='com.zee5.pwaSanityScripts.androidChromePWAStabilityScript.nonSubUser()'><b>nonSubUser</b><br>Test class: com.zee5.pwaSanityScripts.androidChromePWAStabilityScript</td>
<td><div><pre>org.testng.SkipException: Device not connected OR Appium Studio service is down...
	at com.driverInstance.DriverInstance.&lt;init&gt;(DriverInstance.java:83)
	at com.driverInstance.CommandBase.&lt;init&gt;(CommandBase.java:49)
	at com.business.zee.zee5PWASanityAndroidBusinessLogic.&lt;init&gt;(zee5PWASanityAndroidBusinessLogic.java:19)
	at com.zee5.pwaSanityScripts.androidChromePWAStabilityScript.beforemethodcode(androidChromePWAStabilityScript.java:24)
	at java.base/java.util.concurrent.ThreadPoolExecutor.runWorker(ThreadPoolExecutor.java:1130)
	at java.base/java.util.concurrent.ThreadPoolExecutor$Worker.run(ThreadPoolExecutor.java:630)
	at java.base/java.lang.Thread.run(Thread.java:831)
... Removed 16 stack frames</pre></div><a href='#' onClick='toggleBox("stack-trace1753777041", this, "Click to show all stack frames", "Click to hide stack frames")'>Click to show all stack frames</a>
<div class='stack-trace' id='stack-trace1753777041'><pre>org.testng.SkipException: Device not connected OR Appium Studio service is down...
	at com.driverInstance.DriverInstance.&lt;init&gt;(DriverInstance.java:83)
	at com.driverInstance.CommandBase.&lt;init&gt;(CommandBase.java:49)
	at com.business.zee.zee5PWASanityAndroidBusinessLogic.&lt;init&gt;(zee5PWASanityAndroidBusinessLogic.java:19)
	at com.zee5.pwaSanityScripts.androidChromePWAStabilityScript.beforemethodcode(androidChromePWAStabilityScript.java:24)
	at java.base/jdk.internal.reflect.NativeMethodAccessorImpl.invoke0(Native Method)
	at java.base/jdk.internal.reflect.NativeMethodAccessorImpl.invoke(NativeMethodAccessorImpl.java:78)
	at java.base/jdk.internal.reflect.DelegatingMethodAccessorImpl.invoke(DelegatingMethodAccessorImpl.java:43)
	at java.base/java.lang.reflect.Method.invoke(Method.java:567)
	at org.testng.internal.MethodInvocationHelper.invokeMethod(MethodInvocationHelper.java:134)
	at org.testng.internal.MethodInvocationHelper.invokeMethodConsideringTimeout(MethodInvocationHelper.java:63)
	at org.testng.internal.ConfigInvoker.invokeConfigurationMethod(ConfigInvoker.java:348)
	at org.testng.internal.ConfigInvoker.invokeConfigurations(ConfigInvoker.java:302)
	at org.testng.internal.TestInvoker.runConfigMethods(TestInvoker.java:695)
	at org.testng.internal.TestInvoker.invokeMethod(TestInvoker.java:523)
	at org.testng.internal.TestInvoker.invokeTestMethod(TestInvoker.java:173)
	at org.testng.internal.MethodRunner.runInSequence(MethodRunner.java:46)
	at org.testng.internal.TestInvoker$MethodInvocationAgent.invoke(TestInvoker.java:816)
	at org.testng.internal.TestInvoker.invokeTestMethods(TestInvoker.java:146)
	at org.testng.internal.TestMethodWorker.invokeTestMethods(TestMethodWorker.java:146)
	at org.testng.internal.TestMethodWorker.run(TestMethodWorker.java:128)
	at java.base/java.util.concurrent.ThreadPoolExecutor.runWorker(ThreadPoolExecutor.java:1130)
	at java.base/java.util.concurrent.ThreadPoolExecutor$Worker.run(ThreadPoolExecutor.java:630)
	at java.base/java.lang.Thread.run(Thread.java:831)
</pre></div></td>
<td>0</td>
<td>com.zee5.pwaSanityScripts.androidChromePWAStabilityScript@5ea7bc4</td></tr>
<tr>
<td title='com.zee5.pwaSanityScripts.androidChromePWAStabilityScript.subUser()'><b>subUser</b><br>Test class: com.zee5.pwaSanityScripts.androidChromePWAStabilityScript</td>
<td><div><pre>org.testng.SkipException: Device not connected OR Appium Studio service is down...
	at com.driverInstance.DriverInstance.&lt;init&gt;(DriverInstance.java:83)
	at com.driverInstance.CommandBase.&lt;init&gt;(CommandBase.java:49)
	at com.business.zee.zee5PWASanityAndroidBusinessLogic.&lt;init&gt;(zee5PWASanityAndroidBusinessLogic.java:19)
	at com.zee5.pwaSanityScripts.androidChromePWAStabilityScript.beforemethodcode(androidChromePWAStabilityScript.java:24)
	at java.base/java.util.concurrent.ThreadPoolExecutor.runWorker(ThreadPoolExecutor.java:1130)
	at java.base/java.util.concurrent.ThreadPoolExecutor$Worker.run(ThreadPoolExecutor.java:630)
	at java.base/java.lang.Thread.run(Thread.java:831)
... Removed 16 stack frames</pre></div><a href='#' onClick='toggleBox("stack-trace1515420161", this, "Click to show all stack frames", "Click to hide stack frames")'>Click to show all stack frames</a>
<div class='stack-trace' id='stack-trace1515420161'><pre>org.testng.SkipException: Device not connected OR Appium Studio service is down...
	at com.driverInstance.DriverInstance.&lt;init&gt;(DriverInstance.java:83)
	at com.driverInstance.CommandBase.&lt;init&gt;(CommandBase.java:49)
	at com.business.zee.zee5PWASanityAndroidBusinessLogic.&lt;init&gt;(zee5PWASanityAndroidBusinessLogic.java:19)
	at com.zee5.pwaSanityScripts.androidChromePWAStabilityScript.beforemethodcode(androidChromePWAStabilityScript.java:24)
	at java.base/jdk.internal.reflect.NativeMethodAccessorImpl.invoke0(Native Method)
	at java.base/jdk.internal.reflect.NativeMethodAccessorImpl.invoke(NativeMethodAccessorImpl.java:78)
	at java.base/jdk.internal.reflect.DelegatingMethodAccessorImpl.invoke(DelegatingMethodAccessorImpl.java:43)
	at java.base/java.lang.reflect.Method.invoke(Method.java:567)
	at org.testng.internal.MethodInvocationHelper.invokeMethod(MethodInvocationHelper.java:134)
	at org.testng.internal.MethodInvocationHelper.invokeMethodConsideringTimeout(MethodInvocationHelper.java:63)
	at org.testng.internal.ConfigInvoker.invokeConfigurationMethod(ConfigInvoker.java:348)
	at org.testng.internal.ConfigInvoker.invokeConfigurations(ConfigInvoker.java:302)
	at org.testng.internal.TestInvoker.runConfigMethods(TestInvoker.java:695)
	at org.testng.internal.TestInvoker.invokeMethod(TestInvoker.java:523)
	at org.testng.internal.TestInvoker.invokeTestMethod(TestInvoker.java:173)
	at org.testng.internal.MethodRunner.runInSequence(MethodRunner.java:46)
	at org.testng.internal.TestInvoker$MethodInvocationAgent.invoke(TestInvoker.java:816)
	at org.testng.internal.TestInvoker.invokeTestMethods(TestInvoker.java:146)
	at org.testng.internal.TestMethodWorker.invokeTestMethods(TestMethodWorker.java:146)
	at org.testng.internal.TestMethodWorker.run(TestMethodWorker.java:128)
	at java.base/java.util.concurrent.ThreadPoolExecutor.runWorker(ThreadPoolExecutor.java:1130)
	at java.base/java.util.concurrent.ThreadPoolExecutor$Worker.run(ThreadPoolExecutor.java:630)
	at java.base/java.lang.Thread.run(Thread.java:831)
</pre></div></td>
<td>0</td>
<td>com.zee5.pwaSanityScripts.androidChromePWAStabilityScript@5ea7bc4</td></tr>
</table><p>
</body>
</html>