<?xml version="1.0" encoding="UTF-8"?>
<!-- Generated by org.testng.reporters.JUnitXMLReporter -->
<testsuite hostname="Tanisha-PC" ignored="0" name="PWAAndroidChromeStabilityScript" tests="1" failures="1" timestamp="2022-03-28T10:45:30 IST" time="912.281" errors="0">
  <testcase name="guestUser" time="814.01" classname="com.zee5.pwaSanityScripts.androidChromePWAStabilityScript">
    <failure type="java.lang.AssertionError" message="Total Assertion Failures = [1]

Failure 1 of 1 :
matched expected [home] but found []
">
      <![CDATA[java.lang.AssertionError: Total Assertion Failures = [1]

Failure 1 of 1 :
matched expected [home] but found []

at com.utility.CustomSoftAssert.assertAll(CustomSoftAssert.java:127)
at com.zee5.pwaSanityScripts.androidChromePWAStabilityScript.guestUser(androidChromePWAStabilityScript.java:43)
at java.util.concurrent.ThreadPoolExecutor.runWorker(Unknown Source)
at java.util.concurrent.ThreadPoolExecutor$Worker.run(Unknown Source)
at java.lang.Thread.run(Unknown Source)
... Removed 12 stack frames]]>
    </failure>
  </testcase> <!-- guestUser -->
</testsuite> <!-- PWAAndroidChromeStabilityScript -->
