<?xml version="1.0" encoding="UTF-8"?>
<!-- Generated by org.testng.reporters.JUnitReportReporter -->
<testsuite hostname="DESKTOP-077G3EM" failures="0" tests="15" name="com.RingPayScripts.MockUser_Scripts" time="320.026" errors="1" timestamp="2022-11-22T16:48:46 IST" skipped="0">
  <testcase classname="com.RingPayScripts.MockUser_Scripts" name="userDetailsAPI" time="5.379"/>
  <system-out/>
  <testcase classname="com.RingPayScripts.MockUser_Scripts" name="onloadAndroidVersionCheckAPI" time="1.582"/>
  <system-out/>
  <testcase classname="com.RingPayScripts.MockUser_Scripts" name="getVPADetails" time="1.558"/>
  <system-out/>
  <testcase classname="com.RingPayScripts.MockUser_Scripts" name="sendOtp_Positive" time="3.898"/>
  <system-out/>
  <testcase classname="com.RingPayScripts.MockUser_Scripts" name="userToken" time="14.906"/>
  <system-out/>
  <testcase classname="com.RingPayScripts.MockUser_Scripts" name="updateUserDetils_200" time="144.802"/>
  <system-out/>
  <testcase classname="com.RingPayScripts.MockUser_Scripts" name="loginUser" time="8.495"/>
  <system-out/>
  <testcase classname="com.RingPayScripts.MockUser_Scripts" name="registeruser" time="6.115"/>
  <system-out/>
  <testcase classname="com.RingPayScripts.MockUser_Scripts" name="getUserDetails_Positive" time="5.577"/>
  <system-out/>
  <testcase classname="com.RingPayScripts.MockUser_Scripts" name="user_onboarding_200" time="48.410"/>
  <system-out/>
  <testcase classname="com.RingPayScripts.MockUser_Scripts" name="create_bnpl_transaction" time="34.427"/>
  <system-out/>
  <testcase classname="com.RingPayScripts.MockUser_Scripts" name="upadte_user_status_200" time="6.951"/>
  <system-out/>
  <testcase classname="com.RingPayScripts.MockUser_Scripts" name="add_address" time="6.248"/>
  <system-out/>
  <testcase classname="com.RingPayScripts.MockUser_Scripts" name="check_Application_Eligibility" time="24.819"/>
  <system-out/>
  <testcase classname="com.RingPayScripts.MockUser_Scripts" name="get_Offer_Details" time="6.859">
    <error message="Cannot invoke &quot;String.equals(Object)&quot; because the return value of &quot;com.utility.ExtentReporter.getPlatformFromtools()&quot; is null" type="java.lang.NullPointerException">
      <![CDATA[java.lang.NullPointerException: Cannot invoke "String.equals(Object)" because the return value of "com.utility.ExtentReporter.getPlatformFromtools()" is null
at com.utility.ExtentReporter.setScreenshotSource(ExtentReporter.java:466)
at com.utility.ExtentReporter.screencapture(ExtentReporter.java:302)
at com.utility.ExtentReporter.extentLoggerFail(ExtentReporter.java:270)
at com.utility.Validation.assertEquals(Validation.java:77)
at com.business.RingPay_MerchantQRCode_Journey.BasicDetailScreen_Create_Bnpl_Transaction.getApplicationToken_Positive(BasicDetailScreen_Create_Bnpl_Transaction.java:50)
at com.utility.Utilities.getOfferAPI(Utilities.java:3755)
at com.business.RingPay_MerchantQRCode_Journey.OfferDetailsScreen_Get_Offer.get_Offer(OfferDetailsScreen_Get_Offer.java:20)
at com.RingPayScripts.MockUser_Scripts.get_Offer_Details(MockUser_Scripts.java:285)
at java.base/jdk.internal.reflect.NativeMethodAccessorImpl.invoke0(Native Method)
at java.base/jdk.internal.reflect.NativeMethodAccessorImpl.invoke(NativeMethodAccessorImpl.java:77)
at java.base/jdk.internal.reflect.DelegatingMethodAccessorImpl.invoke(DelegatingMethodAccessorImpl.java:43)
at java.base/java.lang.reflect.Method.invoke(Method.java:568)
at org.testng.internal.MethodInvocationHelper.invokeMethod(MethodInvocationHelper.java:134)
at org.testng.internal.TestInvoker.invokeMethod(TestInvoker.java:597)
at org.testng.internal.TestInvoker.invokeTestMethod(TestInvoker.java:173)
at org.testng.internal.MethodRunner.runInSequence(MethodRunner.java:46)
at org.testng.internal.TestInvoker$MethodInvocationAgent.invoke(TestInvoker.java:816)
at org.testng.internal.TestInvoker.invokeTestMethods(TestInvoker.java:146)
at org.testng.internal.TestMethodWorker.invokeTestMethods(TestMethodWorker.java:146)
at org.testng.internal.TestMethodWorker.run(TestMethodWorker.java:128)
at java.base/java.util.ArrayList.forEach(ArrayList.java:1511)
at org.testng.TestRunner.privateRun(TestRunner.java:766)
at org.testng.TestRunner.run(TestRunner.java:587)
at org.testng.SuiteRunner.runTest(SuiteRunner.java:384)
at org.testng.SuiteRunner.runSequentially(SuiteRunner.java:378)
at org.testng.SuiteRunner.privateRun(SuiteRunner.java:337)
at org.testng.SuiteRunner.run(SuiteRunner.java:286)
at org.testng.SuiteRunnerWorker.runSuite(SuiteRunnerWorker.java:53)
at org.testng.SuiteRunnerWorker.run(SuiteRunnerWorker.java:96)
at org.testng.TestNG.runSuitesSequentially(TestNG.java:1187)
at org.testng.TestNG.runSuitesLocally(TestNG.java:1109)
at org.testng.TestNG.runSuites(TestNG.java:1039)
at org.testng.TestNG.run(TestNG.java:1007)
at org.testng.remote.AbstractRemoteTestNG.run(AbstractRemoteTestNG.java:115)
at org.testng.remote.RemoteTestNG.initAndRun(RemoteTestNG.java:251)
at org.testng.remote.RemoteTestNG.main(RemoteTestNG.java:77)
]]>
    </error>
  </testcase> <!-- get_Offer_Details -->
  <system-out/>
</testsuite> <!-- com.RingPayScripts.MockUser_Scripts -->
